0 info it worked if it ends with ok
1 verbose cli [ 'C:\\Program Files\\nodejs\\node.exe',
1 verbose cli   'C:\\Program Files\\nodejs\\node_modules\\npm\\bin\\npm-cli.js',
1 verbose cli   'start' ]
2 info using npm@3.10.10
3 info using node@v6.10.0
4 verbose run-script [ 'prestart', 'start', 'poststart' ]
5 info lifecycle seo@0.0.1~prestart: seo@0.0.1
6 silly lifecycle seo@0.0.1~prestart: no script for prestart, continuing
7 info lifecycle seo@0.0.1~start: seo@0.0.1
8 verbose lifecycle seo@0.0.1~start: unsafe-perm in lifecycle true
9 verbose lifecycle seo@0.0.1~start: PATH: C:\Program Files\nodejs\node_modules\npm\bin\node-gyp-bin;C:\Users\pattarasakon\Documents\GitHub\Web-seo\node_modules\.bin;C:\ProgramData\Oracle\Java\javapath;C:\Python35\Scripts\;C:\Python35\;C:\Program Files (x86)\Intel\iCLS Client\;C:\Program Files\Intel\iCLS Client\;C:\Windows\system32;C:\Windows;C:\Windows\System32\Wbem;C:\Windows\System32\WindowsPowerShell\v1.0\;C:\Program Files\Intel\WiFi\bin\;C:\Program Files\Common Files\Intel\WirelessCommon\;C:\Program Files (x86)\Intel\Intel(R) Management Engine Components\DAL;C:\Program Files\Intel\Intel(R) Management Engine Components\DAL;C:\Program Files (x86)\Intel\Intel(R) Management Engine Components\IPT;C:\Program Files\Intel\Intel(R) Management Engine Components\IPT;c:\Program Files (x86)\Microsoft SQL Server\100\Tools\Binn\;c:\Program Files\Microsoft SQL Server\100\Tools\Binn\;c:\Program Files\Microsoft SQL Server\100\DTS\Binn\;C:\Program Files\TortoiseSVN\bin;C:\xampp\php;C:\Python35;C:\PaxPayPro2014\lib;C:\Program Files\nodejs\;C:\Users\pattarasakon\AppData\Roaming\npm
10 verbose lifecycle seo@0.0.1~start: CWD: C:\Users\pattarasakon\Documents\GitHub\Web-seo
11 silly lifecycle seo@0.0.1~start: Args: [ '/d /s /c', 'node app.js' ]
12 silly lifecycle seo@0.0.1~start: Returned: code: 3221225786  signal: null
13 info lifecycle seo@0.0.1~start: Failed to exec start script
14 verbose stack Error: seo@0.0.1 start: `node app.js`
14 verbose stack Exit status 3221225786
14 verbose stack     at EventEmitter.<anonymous> (C:\Program Files\nodejs\node_modules\npm\lib\utils\lifecycle.js:255:16)
14 verbose stack     at emitTwo (events.js:106:13)
14 verbose stack     at EventEmitter.emit (events.js:191:7)
14 verbose stack     at ChildProcess.<anonymous> (C:\Program Files\nodejs\node_modules\npm\lib\utils\spawn.js:40:14)
14 verbose stack     at emitTwo (events.js:106:13)
14 verbose stack     at ChildProcess.emit (events.js:191:7)
14 verbose stack     at maybeClose (internal/child_process.js:877:16)
14 verbose stack     at Process.ChildProcess._handle.onexit (internal/child_process.js:226:5)
15 verbose pkgid seo@0.0.1
16 verbose cwd C:\Users\pattarasakon\Documents\GitHub\Web-seo
17 error Windows_NT 6.3.9600
18 error argv "C:\\Program Files\\nodejs\\node.exe" "C:\\Program Files\\nodejs\\node_modules\\npm\\bin\\npm-cli.js" "start"
19 error node v6.10.0
20 error npm  v3.10.10
21 error code ELIFECYCLE
22 error seo@0.0.1 start: `node app.js`
22 error Exit status 3221225786
23 error Failed at the seo@0.0.1 start script 'node app.js'.
23 error Make sure you have the latest version of node.js and npm installed.
23 error If you do, this is most likely a problem with the seo package,
23 error not with npm itself.
23 error Tell the author that this fails on your system:
23 error     node app.js
23 error You can get information on how to open an issue for this project with:
23 error     npm bugs seo
23 error Or if that isn't available, you can get their info via:
23 error     npm owner ls seo
23 error There is likely additional logging output above.
24 verbose exit [ 1, true ]
